TN:
SF:/home/sepe/Downloads/offline-qr-code/src/index.js
FN:1,sayHello
FNF:1
FNH:1
FNDA:2,sayHello
DA:1,3
DA:3,1
DA:5,1
LF:3
LH:3
BRF:0
BRH:0
end_of_record
TN:
SF:/home/sepe/Downloads/offline-qr-code/src/common/modules/Colors.js
FN:36,contrastRatio
FN:50,luminance
FN:74,invertColor
FN:91,padZero
FN:103,hexToRgb
FNF:5
FNH:5
FNDA:11,contrastRatio
FNDA:22,luminance
FNDA:6,invertColor
FNDA:18,padZero
FNDA:17,hexToRgb
DA:16,1
DA:37,11
DA:38,11
DA:40,11
DA:52,22
DA:53,22
DA:54,22
DA:58,22
DA:59,22
DA:60,22
DA:61,22
DA:76,6
DA:77,6
DA:78,6
DA:80,6
DA:91,18
DA:92,18
DA:93,18
DA:104,17
DA:105,17
DA:106,10
DA:112,7
LF:22
LH:22
BRDA:58,0,0,14
BRDA:58,0,1,8
BRDA:59,1,0,6
BRDA:59,1,1,16
BRDA:60,2,0,6
BRDA:60,2,1,16
BRDA:91,3,0,0
BRDA:91,3,1,18
BRDA:91,4,0,18
BRDA:91,4,1,0
BRDA:105,5,0,10
BRDA:105,5,1,7
BRF:12
BRH:10
end_of_record
TN:
SF:/home/sepe/Downloads/offline-qr-code/src/common/modules/data/GlobalConsts.js
FNF:0
FNH:0
DA:14,1
DA:23,1
LF:2
LH:2
BRF:0
BRH:0
end_of_record
TN:
SF:/home/sepe/Downloads/offline-qr-code/src/common/modules/data/MessageLevel.js
FNF:0
FNH:0
DA:14,1
LF:1
LH:1
BRF:0
BRH:0
end_of_record
